
Showing logs for build [32mmeta-jstrachan-jenkins-sample-m-kndpc-2[0m stage [32mmeta-pipeline[0m and container [32mstep-credential-initializer-glffz[0m
{"level":"warn","ts":1581587376.5990672,"logger":"fallback-logger","caller":"logging/config.go:69","msg":"Fetch GitHub commit ID from kodata failed: \"ref: refs/heads/0.8.0-**-support-backwards-incompats\" is not a valid GitHub commit ID"}
{"level":"info","ts":1581587376.5996454,"logger":"fallback-logger","caller":"creds-init/main.go:40","msg":"Credentials initialized."}

Showing logs for build [32mmeta-jstrachan-jenkins-sample-m-kndpc-2[0m stage [32mmeta-pipeline[0m and container [32mstep-working-dir-initializer-thm48[0m
{"level":"warn","ts":1581587377.971668,"logger":"fallback-logger","caller":"logging/config.go:69","msg":"Fetch GitHub commit ID from kodata failed: open /var/run/ko/HEAD: no such file or directory"}
{"level":"info","ts":1581587377.972694,"logger":"fallback-logger","caller":"bash/main.go:64","msg":"Successfully executed command \"sh -c mkdir -p /workspace/source\"; output "}

Showing logs for build [32mmeta-jstrachan-jenkins-sample-m-kndpc-2[0m stage [32mmeta-pipeline[0m and container [32mstep-place-tools[0m

Showing logs for build [32mmeta-jstrachan-jenkins-sample-m-kndpc-2[0m stage [32mmeta-pipeline[0m and container [32mstep-git-source-meta-jstrachan-jenkins-sample-m-kndpc-5qjgj[0m
{"level":"warn","ts":1581587384.2766325,"logger":"fallback-logger","caller":"logging/config.go:69","msg":"Fetch GitHub commit ID from kodata failed: \"ref: refs/heads/0.8.0-**-support-backwards-incompats\" is not a valid GitHub commit ID"}
{"level":"info","ts":1581587386.055357,"logger":"fallback-logger","caller":"git/git.go:103","msg":"Successfully cloned https://github.com/*********/jenkins-sample.git @ c49fe1409a8f8580bb41fb45a579ca9fa3f56435 in path /workspace/source"}

Showing logs for build [32mmeta-jstrachan-jenkins-sample-m-kndpc-2[0m stage [32mmeta-pipeline[0m and container [32mstep-git-merge[0m
Using SHAs from PULL_REFS=master:c49fe1409a8f8580bb41fb45a579ca9fa3f56435
WARNING: no SHAs to merge, falling back to initial cloned commit

Showing logs for build [32mmeta-jstrachan-jenkins-sample-m-kndpc-2[0m stage [32mmeta-pipeline[0m and container [32mstep-merge-pull-refs[0m
SKIP merge-pull-refs: Nothing to merge

Showing logs for build [32mmeta-jstrachan-jenkins-sample-m-kndpc-2[0m stage [32mmeta-pipeline[0m and container [32mstep-create-effective-pipeline[0m
Cloning the Jenkins X versions repo https://github.com/*********/jenkins-x-versions.git with ref refs/heads/master to /builder/home/.**/jenkins-x-versions
error: no build pack for jenkinsfilerunner exists at directory /builder/home/.**/draft/packs/github.com/jenkins-x-buildpacks/jenkins-x-kubernetes/packs/jenkinsfilerunner
[31m
Pipeline failed on stage 'meta-pipeline' : container 'step-create-effective-pipeline'. The execution of the pipeline has stopped.[0m
